{
  "RSpec": {
    "coverage": {
      "/Users/cmilfont/projetos/martialarts/app/helpers/application_helper.rb": [
        1,
        null
      ],
      "/Users/cmilfont/projetos/martialarts/app/helpers/techniques_helper.rb": [
        1,
        null
      ],
      "/Users/cmilfont/projetos/martialarts/app/controllers/techniques_controller.rb": [
        1,
        null,
        1,
        null,
        1,
        1,
        1,
        null,
        null,
        1,
        1,
        1,
        null,
        null,
        null
      ],
      "/Users/cmilfont/projetos/martialarts/app/controllers/application_controller.rb": [
        1,
        null,
        null,
        1,
        null
      ],
      "/Users/cmilfont/projetos/martialarts/app/models/martialart.rb": [
        1,
        null,
        1,
        1,
        null,
        null
      ],
      "/Users/cmilfont/projetos/martialarts/app/models/technique.rb": [
        1,
        null,
        1,
        null,
        1,
        1,
        null,
        1,
        null,
        1,
        null,
        null
      ],
      "/Users/cmilfont/projetos/martialarts/app/models/category.rb": [
        1,
        null
      ],
      "/Users/cmilfont/projetos/martialarts/app/models/video.rb": [
        1,
        null
      ]
    },
    "timestamp": 1380479166
  }
}
